Running Sphinx v1.0.7
!!!!!!!
/tmp/_MEIRlcwQm/docutils/writers/html4css1/html4css1.css
Running XMOS Documentation setup:xdehtml
loading pickled environment... not yet created
building [xdehtml]: all documents
updating environment: 2 added, 0 changed, 0 removed
reading sources... [ 50%] index
reading sources... [100%] quickstart

looking for now-outdated files... none found
pickling environment... done
checking consistency... done
preparing documents... done
['index', 'quickstart']
writing output... [ 50%] index
writing output... [100%] quickstart

writing additional files...
copying images... [100%] images/hardware_setup.jpg

copying static files... done
dumping object inventory... done
build succeeded.
